[2024-02-11 04:36:18] [1] [WARN] Reporting disabled: using no op test run registrar
[2024-02-11 04:36:18] [1] [INFO] TEST [CarinaDefaultProject - testLoginUser] STARTED at [13:36:18 2024-02-11]
[2024-02-11 04:36:18] [1] [INFO] Starting driver session...
[2024-02-11 04:36:21] [1] [ERROR] Failed to attach artifact reference 'app' to test run because it has not been started yet.
[2024-02-11 04:36:30] [1] [INFO] Driver session started.
[2024-02-11 04:36:31] [1] [INFO] PASS: element 'nextBtn' is clicked.
[2024-02-11 04:36:36] [1] [INFO] PASS: keys 'Test user' are sent to element 'nameInputField'.
[2024-02-11 04:36:59] [1] [ERROR] FAIL: type - waitCondition for element 'passwordInputField (By.id: password)' not satisfied!
[2024-02-11 04:37:00] [1] [ERROR] TEST [CarinaDefaultProject - testLoginUser] FAILED at [13:37:00 2024-02-11] - no such element By.id: password
For documentation on this error, please visit: https://selenium.dev/exceptions/#no_such_element
Build info: version: '4.7.0', revision: '0a5b49d16f'
System info: os.name: 'Windows 10', os.arch: 'amd64', os.version: '10.0', java.version: '21.0.2'
Driver info: driver.version: unknown

com.zebrunner.carina.webdriver.locator.ExtendedElementLocator.findElement(ExtendedElementLocator.java:157)
org.openqa.selenium.support.pagefactory.internal.LocatingElementHandler.invoke(LocatingElementHandler.java:39)
jdk.proxy2/jdk.proxy2.$Proxy92.clear(Unknown Source)
com.zebrunner.carina.webdriver.decorator.ExtendedWebElement$3.doType(ExtendedWebElement.java:1596)
com.zebrunner.carina.webdriver.decorator.ExtendedWebElement.executeAction(ExtendedWebElement.java:1430)
com.zebrunner.carina.webdriver.decorator.ExtendedWebElement.overrideAction(ExtendedWebElement.java:1531)
com.zebrunner.carina.webdriver.decorator.ExtendedWebElement.doAction(ExtendedWebElement.java:1510)
com.zebrunner.carina.webdriver.decorator.ExtendedWebElement.type(ExtendedWebElement.java:620)
com.zebrunner.carina.webdriver.decorator.ExtendedWebElement.type(ExtendedWebElement.java:609)
com.zebrunner.carina.webdriver.decorator.ExtendedWebElement.type(ExtendedWebElement.java:599)
com.solvd.carina.demo.mobile.gui.pages.android.LoginPage.typePassword(LoginPage.java:47)
com.solvd.carina.demo.MobileSampleTest.testLoginUser(MobileSampleTest.java:33)
java.base/jdk.internal.reflect.DirectMethodHandleAccessor.invoke(DirectMethodHandleAccessor.java:103)
java.base/java.lang.reflect.Method.invoke(Method.java:580)
org.testng.internal.invokers.MethodInvocationHelper.invokeMethod(MethodInvocationHelper.java:139)
org.testng.internal.invokers.TestInvoker.invokeMethod(TestInvoker.java:677)
org.testng.internal.invokers.TestInvoker.invokeTestMethod(TestInvoker.java:221)
org.testng.internal.invokers.MethodRunner.runInSequence(MethodRunner.java:50)
org.testng.internal.invokers.TestInvoker$MethodInvocationAgent.invoke(TestInvoker.java:969)
org.testng.internal.invokers.TestInvoker.invokeTestMethods(TestInvoker.java:194)
org.testng.internal.invokers.TestMethodWorker.invokeTestMethods(TestMethodWorker.java:148)
org.testng.internal.invokers.TestMethodWorker.run(TestMethodWorker.java:128)
java.base/java.util.ArrayList.forEach(ArrayList.java:1596)
org.testng.TestRunner.privateRun(TestRunner.java:829)
org.testng.TestRunner.run(TestRunner.java:602)
org.testng.SuiteRunner.runTest(SuiteRunner.java:437)
org.testng.SuiteRunner.runSequentially(SuiteRunner.java:431)
org.testng.SuiteRunner.privateRun(SuiteRunner.java:391)
org.testng.SuiteRunner.run(SuiteRunner.java:330)
org.testng.SuiteRunnerWorker.runSuite(SuiteRunnerWorker.java:52)
org.testng.SuiteRunnerWorker.run(SuiteRunnerWorker.java:95)
org.testng.TestNG.runSuitesSequentially(TestNG.java:1256)
org.testng.TestNG.runSuitesLocally(TestNG.java:1176)
org.testng.TestNG.runSuites(TestNG.java:1099)
org.testng.TestNG.run(TestNG.java:1067)
com.intellij.rt.testng.IDEARemoteTestNG.run(IDEARemoteTestNG.java:66)
com.intellij.rt.testng.RemoteTestNGStarter.main(RemoteTestNGStarter.java:105)
